C:\Program Files (x86)\MSBuild\12.0\bin\Microsoft.Common.CurrentVersion.targets(1430,5): warning : The referenced project '..\gtest\msvc\gtest.vcxproj' does not exist.
C:\Program Files (x86)\MSBuild\Microsoft.Cpp\v4.0\V120\Microsoft.CppBuild.targets(381,5): warning MSB8028: The intermediate directory (Debug\) contains files shared from another project (libprotobuf-lite.vcxproj, libprotobuf.vcxproj, libprotoc.vcxproj).  This can lead to incorrect clean and rebuild behavior.
  file.cc
  test_plugin.cc
  mock_code_generator.cc
  正在生成代码...
mock_code_generator.obj : warning LNK4075: 忽略“/EDITANDCONTINUE”(由于“/SAFESEH”规范)
mock_code_generator.obj : error LNK2019: 无法解析的外部符号 "bool __cdecl testing::internal::IsTrue(bool)" (?IsTrue@internal@testing@@YA_N_N@Z)，该符号在函数 "public: void __thiscall testing::internal::scoped_ptr<class std::basic_string<char,struct std::char_traits<char>,class std::allocator<char> > >::reset(class std::basic_string<char,struct std::char_traits<char>,class std::allocator<char> > *)" (?reset@?$scoped_ptr@V?$basic_string@DU?$char_traits@D@std@@V?$allocator@D@2@@std@@@internal@testing@@QAEXPAV?$basic_string@DU?$char_traits@D@std@@V?$allocator@D@2@@std@@@Z) 中被引用
mock_code_generator.obj : error LNK2019: 无法解析的外部符号 "class testing::AssertionResult __cdecl testing::internal::EqFailure(char const *,char const *,class std::basic_string<char,struct std::char_traits<char>,class std::allocator<char> > const &,class std::basic_string<char,struct std::char_traits<char>,class std::allocator<char> > const &,bool)" (?EqFailure@internal@testing@@YA?AVAssertionResult@2@PBD0ABV?$basic_string@DU?$char_traits@D@std@@V?$allocator@D@2@@std@@1_N@Z)，该符号在函数 "class testing::AssertionResult __cdecl testing::internal::CmpHelperEQ<unsigned int,unsigned int>(char const *,char const *,unsigned int const &,unsigned int const &)" (??$CmpHelperEQ@II@internal@testing@@YA?AVAssertionResult@1@PBD0ABI1@Z) 中被引用
mock_code_generator.obj : error LNK2019: 无法解析的外部符号 "void __cdecl testing::internal::PrintStringTo(class std::basic_string<char,struct std::char_traits<char>,class std::allocator<char> > const &,class std::basic_ostream<char,struct std::char_traits<char> > *)" (?PrintStringTo@internal@testing@@YAXABV?$basic_string@DU?$char_traits@D@std@@V?$allocator@D@2@@std@@PAV?$basic_ostream@DU?$char_traits@D@std@@@4@@Z)，该符号在函数 "void __cdecl testing::internal::PrintTo(class std::basic_string<char,struct std::char_traits<char>,class std::allocator<char> > const &,class std::basic_ostream<char,struct std::char_traits<char> > *)" (?PrintTo@internal@testing@@YAXABV?$basic_string@DU?$char_traits@D@std@@V?$allocator@D@2@@std@@PAV?$basic_ostream@DU?$char_traits@D@std@@@4@@Z) 中被引用
mock_code_generator.obj : error LNK2019: 无法解析的外部符号 "class testing::AssertionResult __cdecl testing::AssertionSuccess(void)" (?AssertionSuccess@testing@@YA?AVAssertionResult@1@XZ)，该符号在函数 "class testing::AssertionResult __cdecl testing::internal::CmpHelperEQ<unsigned int,unsigned int>(char const *,char const *,unsigned int const &,unsigned int const &)" (??$CmpHelperEQ@II@internal@testing@@YA?AVAssertionResult@1@PBD0ABI1@Z) 中被引用
mock_code_generator.obj : error LNK2019: 无法解析的外部符号 "public: __thiscall testing::internal::AssertHelper::AssertHelper(enum testing::TestPartResult::Type,char const *,int,char const *)" (??0AssertHelper@internal@testing@@QAE@W4Type@TestPartResult@2@PBDH1@Z)，该符号在函数 "public: static void __cdecl google::protobuf::compiler::MockCodeGenerator::ExpectGenerated(class std::basic_string<char,struct std::char_traits<char>,class std::allocator<char> > const &,class std::basic_string<char,struct std::char_traits<char>,class std::allocator<char> > const &,class std::basic_string<char,struct std::char_traits<char>,class std::allocator<char> > const &,class std::basic_string<char,struct std::char_traits<char>,class std::allocator<char> > const &,class std::basic_string<char,struct std::char_traits<char>,class std::allocator<char> > const &,class std::basic_string<char,struct std::char_traits<char>,class std::allocator<char> > const &,class std::basic_string<char,struct std::char_traits<char>,class std::allocator<char> > const &)" (?ExpectGenerated@MockCodeGenerator@compiler@protobuf@google@@SAXABV?$basic_string@DU?$char_traits@D@std@@V?$allocator@D@2@@std@@000000@Z) 中被引用
mock_code_generator.obj : error LNK2019: 无法解析的外部符号 "public: __thiscall testing::internal::AssertHelper::~AssertHelper(void)" (??1AssertHelper@internal@testing@@QAE@XZ)，该符号在函数 "public: static void __cdecl google::protobuf::compiler::MockCodeGenerator::ExpectGenerated(class std::basic_string<char,struct std::char_traits<char>,class std::allocator<char> > const &,class std::basic_string<char,struct std::char_traits<char>,class std::allocator<char> > const &,class std::basic_string<char,struct std::char_traits<char>,class std::allocator<char> > const &,class std::basic_string<char,struct std::char_traits<char>,class std::allocator<char> > const &,class std::basic_string<char,struct std::char_traits<char>,class std::allocator<char> > const &,class std::basic_string<char,struct std::char_traits<char>,class std::allocator<char> > const &,class std::basic_string<char,struct std::char_traits<char>,class std::allocator<char> > const &)" (?ExpectGenerated@MockCodeGenerator@compiler@protobuf@google@@SAXABV?$basic_string@DU?$char_traits@D@std@@V?$allocator@D@2@@std@@000000@Z) 中被引用
mock_code_generator.obj : error LNK2019: 无法解析的外部符号 "public: void __thiscall testing::internal::AssertHelper::operator=(class testing::Message const &)const " (??4AssertHelper@internal@testing@@QBEXABVMessage@2@@Z)，该符号在函数 "public: static void __cdecl google::protobuf::compiler::MockCodeGenerator::ExpectGenerated(class std::basic_string<char,struct std::char_traits<char>,class std::allocator<char> > const &,class std::basic_string<char,struct std::char_traits<char>,class std::allocator<char> > const &,class std::basic_string<char,struct std::char_traits<char>,class std::allocator<char> > const &,class std::basic_string<char,struct std::char_traits<char>,class std::allocator<char> > const &,class std::basic_string<char,struct std::char_traits<char>,class std::allocator<char> > const &,class std::basic_string<char,struct std::char_traits<char>,class std::allocator<char> > const &,class std::basic_string<char,struct std::char_traits<char>,class std::allocator<char> > const &)" (?ExpectGenerated@MockCodeGenerator@compiler@protobuf@google@@SAXABV?$basic_string@DU?$char_traits@D@std@@V?$allocator@D@2@@std@@000000@Z) 中被引用
Debug\test_plugin.exe : fatal error LNK1120: 7 个无法解析的外部命令
